# JRE version: OpenJDK Runtime Environment (15.0.1+9) (build 15.0.1+9-18)
# Java VM: OpenJDK 64-Bit Server VM (15.0.1+9-18, mixed mode, sharing, tiered, compressed oops, g1 gc, windows-amd64)
GC Precious Log:
 CPUs: 6 total, 6 available
 Memory: 16238M
 Large Page Support: Disabled
 NUMA Support: Disabled
 Compressed Oops: Enabled (Zero based)
 Heap Region Size: 2M
 Heap Min Capacity: 8M
 Heap Initial Capacity: 254M
 Heap Max Capacity: 4060M
 Pre-touch: Disabled
 Parallel Workers: 6
 Concurrent Workers: 2
 Concurrent Refinement Workers: 6
 Periodic GC: Disabled
Heap:
 garbage-first heap   total 260096K, used 84771K [0x0000000702400000, 0x0000000800000000)
  region size 2048K, 41 young (83968K), 8 survivors (16384K)
 Metaspace       used 12883K, capacity 14156K, committed 14336K, reserved 1062912K
  class space    used 1019K, capacity 1190K, committed 1280K, reserved 1048576K
GC Heap History (10 events):
Event: 0.294 GC heap before
{Heap before GC invocations=0 (full 0):
 garbage-first heap   total 260096K, used 20480K [0x0000000702400000, 0x0000000800000000)
  region size 2048K, 10 young (20480K), 0 survivors (0K)
 Metaspace       used 4337K, capacity 7309K, committed 7424K, reserved 1056768K
  class space    used 387K, capacity 665K, committed 768K, reserved 1048576K
}
Event: 0.296 GC heap after
{Heap after GC invocations=1 (full 0):
 garbage-first heap   total 260096K, used 2734K [0x0000000702400000, 0x0000000800000000)
  region size 2048K, 2 young (4096K), 2 survivors (4096K)
 Metaspace       used 4337K, capacity 7309K, committed 7424K, reserved 1056768K
  class space    used 387K, capacity 665K, committed 768K, reserved 1048576K
}
Event: 0.894 GC heap before
{Heap before GC invocations=1 (full 0):
 garbage-first heap   total 260096K, used 29358K [0x0000000702400000, 0x0000000800000000)
  region size 2048K, 16 young (32768K), 2 survivors (4096K)
 Metaspace       used 11934K, capacity 13570K, committed 13696K, reserved 1062912K
  class space    used 956K, capacity 1145K, committed 1152K, reserved 1048576K
}
Event: 0.896 GC heap after
{Heap after GC invocations=2 (full 0):
 garbage-first heap   total 260096K, used 4201K [0x0000000702400000, 0x0000000800000000)
  region size 2048K, 1 young (2048K), 1 survivors (2048K)
 Metaspace       used 11934K, capacity 13570K, committed 13696K, reserved 1062912K
  class space    used 956K, capacity 1145K, committed 1152K, reserved 1048576K
}
Event: 1.318 GC heap before
{Heap before GC invocations=2 (full 0):
 garbage-first heap   total 260096K, used 155753K [0x0000000702400000, 0x0000000800000000)
  region size 2048K, 76 young (155648K), 1 survivors (2048K)
 Metaspace       used 12374K, capacity 13700K, committed 13952K, reserved 1062912K
  class space    used 982K, capacity 1147K, committed 1152K, reserved 1048576K
}
Event: 1.322 GC heap after
{Heap after GC invocations=3 (full 0):
 garbage-first heap   total 260096K, used 9203K [0x0000000702400000, 0x0000000800000000)
  region size 2048K, 4 young (8192K), 4 survivors (8192K)
 Metaspace       used 12374K, capacity 13700K, committed 13952K, reserved 1062912K
  class space    used 982K, capacity 1147K, committed 1152K, reserved 1048576K
}
Event: 2.940 GC heap before
{Heap before GC invocations=3 (full 0):
 garbage-first heap   total 260096K, used 156659K [0x0000000702400000, 0x0000000800000000)
  region size 2048K, 76 young (155648K), 4 survivors (8192K)
 Metaspace       used 12576K, capacity 13867K, committed 14080K, reserved 1062912K
  class space    used 996K, capacity 1158K, committed 1280K, reserved 1048576K
}
Event: 2.944 GC heap after
{Heap after GC invocations=4 (full 0):
 garbage-first heap   total 260096K, used 13704K [0x0000000702400000, 0x0000000800000000)
  region size 2048K, 6 young (12288K), 6 survivors (12288K)
 Metaspace       used 12576K, capacity 13867K, committed 14080K, reserved 1062912K
  class space    used 996K, capacity 1158K, committed 1280K, reserved 1048576K
}
Event: 3.148 GC heap before
{Heap before GC invocations=4 (full 0):
 garbage-first heap   total 260096K, used 157064K [0x0000000702400000, 0x0000000800000000)
  region size 2048K, 76 young (155648K), 6 survivors (12288K)
 Metaspace       used 12584K, capacity 13867K, committed 14080K, reserved 1062912K
  class space    used 996K, capacity 1158K, committed 1280K, reserved 1048576K
}
Event: 3.152 GC heap after
{Heap after GC invocations=5 (full 0):
 garbage-first heap   total 260096K, used 19235K [0x0000000702400000, 0x0000000800000000)
  region size 2048K, 8 young (16384K), 8 survivors (16384K)
 Metaspace       used 12584K, capacity 13867K, committed 14080K, reserved 1062912K
  class space    used 996K, capacity 1158K, committed 1280K, reserved 1048576K
}

