# JRE version: OpenJDK Runtime Environment (15.0.1+9) (build 15.0.1+9-18)
# Java VM: OpenJDK 64-Bit Server VM (15.0.1+9-18, mixed mode, sharing, tiered, compressed oops, g1 gc, windows-amd64)
GC Precious Log:
 CPUs: 6 total, 6 available
 Memory: 16238M
 Large Page Support: Disabled
 NUMA Support: Disabled
 Compressed Oops: Enabled (Zero based)
 Heap Region Size: 2M
 Heap Min Capacity: 8M
 Heap Initial Capacity: 254M
 Heap Max Capacity: 4060M
 Pre-touch: Disabled
 Parallel Workers: 6
 Concurrent Workers: 2
 Concurrent Refinement Workers: 6
 Periodic GC: Disabled
Heap:
 garbage-first heap   total 260096K, used 95122K [0x00000004d6c00000, 0x00000005d4800000)
  region size 2048K, 46 young (94208K), 8 survivors (16384K)
 Metaspace       used 12888K, capacity 14156K, committed 14336K, reserved 1062912K
  class space    used 1021K, capacity 1190K, committed 1280K, reserved 1048576K
GC Heap History (10 events):
Event: 0.296 GC heap before
{Heap before GC invocations=0 (full 0):
 garbage-first heap   total 260096K, used 20480K [0x00000004d6c00000, 0x00000005d4800000)
  region size 2048K, 10 young (20480K), 0 survivors (0K)
 Metaspace       used 4324K, capacity 7309K, committed 7424K, reserved 1056768K
  class space    used 385K, capacity 665K, committed 768K, reserved 1048576K
}
Event: 0.298 GC heap after
{Heap after GC invocations=1 (full 0):
 garbage-first heap   total 260096K, used 2724K [0x00000004d6c00000, 0x00000005d4800000)
  region size 2048K, 2 young (4096K), 2 survivors (4096K)
 Metaspace       used 4324K, capacity 7309K, committed 7424K, reserved 1056768K
  class space    used 385K, capacity 665K, committed 768K, reserved 1048576K
}
Event: 0.922 GC heap before
{Heap before GC invocations=1 (full 0):
 garbage-first heap   total 260096K, used 29348K [0x00000004d6c00000, 0x00000005d4800000)
  region size 2048K, 16 young (32768K), 2 survivors (4096K)
 Metaspace       used 11935K, capacity 13570K, committed 13696K, reserved 1062912K
  class space    used 959K, capacity 1145K, committed 1152K, reserved 1048576K
}
Event: 0.924 GC heap after
{Heap after GC invocations=2 (full 0):
 garbage-first heap   total 260096K, used 4278K [0x00000004d6c00000, 0x00000005d4800000)
  region size 2048K, 1 young (2048K), 1 survivors (2048K)
 Metaspace       used 11935K, capacity 13570K, committed 13696K, reserved 1062912K
  class space    used 959K, capacity 1145K, committed 1152K, reserved 1048576K
}
Event: 1.379 GC heap before
{Heap before GC invocations=2 (full 0):
 garbage-first heap   total 260096K, used 155830K [0x00000004d6c00000, 0x00000005d4800000)
  region size 2048K, 76 young (155648K), 1 survivors (2048K)
 Metaspace       used 12380K, capacity 13700K, committed 13952K, reserved 1062912K
  class space    used 985K, capacity 1147K, committed 1152K, reserved 1048576K
}
Event: 1.383 GC heap after
{Heap after GC invocations=3 (full 0):
 garbage-first heap   total 260096K, used 9130K [0x00000004d6c00000, 0x00000005d4800000)
  region size 2048K, 4 young (8192K), 4 survivors (8192K)
 Metaspace       used 12380K, capacity 13700K, committed 13952K, reserved 1062912K
  class space    used 985K, capacity 1147K, committed 1152K, reserved 1048576K
}
Event: 2.950 GC heap before
{Heap before GC invocations=3 (full 0):
 garbage-first heap   total 260096K, used 156586K [0x00000004d6c00000, 0x00000005d4800000)
  region size 2048K, 76 young (155648K), 4 survivors (8192K)
 Metaspace       used 12581K, capacity 13867K, committed 14080K, reserved 1062912K
  class space    used 998K, capacity 1158K, committed 1280K, reserved 1048576K
}
Event: 2.953 GC heap after
{Heap after GC invocations=4 (full 0):
 garbage-first heap   total 260096K, used 14049K [0x00000004d6c00000, 0x00000005d4800000)
  region size 2048K, 6 young (12288K), 6 survivors (12288K)
 Metaspace       used 12581K, capacity 13867K, committed 14080K, reserved 1062912K
  class space    used 998K, capacity 1158K, committed 1280K, reserved 1048576K
}
Event: 3.174 GC heap before
{Heap before GC invocations=4 (full 0):
 garbage-first heap   total 260096K, used 157409K [0x00000004d6c00000, 0x00000005d4800000)
  region size 2048K, 76 young (155648K), 6 survivors (12288K)
 Metaspace       used 12590K, capacity 13867K, committed 14080K, reserved 1062912K
  class space    used 998K, capacity 1158K, committed 1280K, reserved 1048576K
}
Event: 3.178 GC heap after
{Heap after GC invocations=5 (full 0):
 garbage-first heap   total 260096K, used 19346K [0x00000004d6c00000, 0x00000005d4800000)
  region size 2048K, 8 young (16384K), 8 survivors (16384K)
 Metaspace       used 12590K, capacity 13867K, committed 14080K, reserved 1062912K
  class space    used 998K, capacity 1158K, committed 1280K, reserved 1048576K
}

